<?xml version="1.0" encoding="UTF-8"?>
<!-- Generated by org.testng.reporters.JUnitReportReporter -->
<testsuite hostname="DIKANUMU-M-RYF9" failures="0" tests="1" name="MyRunner" time="43.032" errors="0" timestamp="2024-11-14T15:57:39 IST" skipped="0">
  <testcase classname="MyRunner" name="runScenario" time="43.032"/>
</testsuite> <!-- MyRunner -->
