<?xml version="1.0" encoding="UTF-8"?>
<!-- Generated by org.testng.reporters.JUnitReportReporter -->
<testsuite hostname="DIKANUMU-M-RYF9" failures="0" tests="1" name="com.example.spring.selenium.HomePageTest2" time="30.069" errors="0" timestamp="2024-11-08T17:24:14 IST" skipped="0">
  <testcase classname="com.example.spring.selenium.HomePageTest2" name="itemsTest" time="30.069"/>
</testsuite> <!-- com.example.spring.selenium.HomePageTest2 -->
