<?xml version="1.0" encoding="UTF-8"?>
<!-- Generated by org.testng.reporters.JUnitReportReporter -->
<testsuite hostname="DIKANUMU-M-RYF9" failures="0" tests="3" name="com.example.spring.selenium.HomePageTest3" time="43.286" errors="0" timestamp="2024-11-14T10:15:47 IST" skipped="0">
  <testcase classname="com.example.spring.selenium.HomePageTest3" name="addItems" time="32.878"/>
  <testcase classname="com.example.spring.selenium.HomePageTest3" name="checkoutCart" time="8.769"/>
  <testcase classname="com.example.spring.selenium.HomePageTest3" name="completeOrder" time="1.639"/>
</testsuite> <!-- com.example.spring.selenium.HomePageTest3 -->
