<?xml version="1.0" encoding="UTF-8"?>
<!-- Generated by org.testng.reporters.JUnitReportReporter -->
<testsuite hostname="DIKANUMU-M-RYF9" failures="0" tests="3" name="com.example.spring.selenium.HomePageTest3" time="39.261" errors="0" timestamp="2024-11-08T17:24:14 IST" skipped="0">
  <testcase classname="com.example.spring.selenium.HomePageTest3" name="addItems" time="30.536"/>
  <testcase classname="com.example.spring.selenium.HomePageTest3" name="checkoutCart" time="7.220"/>
  <testcase classname="com.example.spring.selenium.HomePageTest3" name="completeOrder" time="1.505"/>
</testsuite> <!-- com.example.spring.selenium.HomePageTest3 -->
