<?xml version="1.0" encoding="UTF-8"?>
<!-- Generated by org.testng.reporters.JUnitReportReporter -->
<testsuite hostname="DIKANUMU-M-RYF9" failures="0" tests="2" name="com.example.spring.selenium.HomePageTest" time="40.003" errors="0" timestamp="2024-11-08T17:24:14 IST" skipped="0">
  <testcase classname="com.example.spring.selenium.HomePageTest" name="addItems" time="32.757"/>
  <testcase classname="com.example.spring.selenium.HomePageTest" name="checkoutCart" time="7.246"/>
</testsuite> <!-- com.example.spring.selenium.HomePageTest -->
